2024-04-27 19:01:56,368 
INFO 
intro response: yes.

2024-04-27 19:03:36,393 
INFO 
intro response: 

2024-04-27 19:04:51,887 
INFO 
intro response: yes.

2024-04-27 19:04:59,874 
INFO 
Unstable speech result: 1

2024-04-27 19:05:00,591 
INFO 
Unstable speech result: 1

2024-04-27 19:05:00,985 
INFO 
Unstable speech result: 

2024-04-27 19:05:11,960 
INFO 
Unstable speech result: 1

2024-04-27 19:05:11,962 
INFO 
Unstable speech result: what?

2024-04-27 19:05:12,675 
INFO 
Unstable speech result: 1

2024-04-27 19:05:13,600 
INFO 
Unstable speech result: 

2024-04-27 19:06:19,952 
INFO 
intro response:  yes.

2024-04-27 19:06:28,216 
INFO 
Unstable speech result: on

2024-04-27 19:06:28,309 
INFO 
Unstable speech result: 1

2024-04-27 19:06:28,712 
INFO 
Unstable speech result: 1

2024-04-27 19:06:29,474 
INFO 
Unstable speech result: 

2024-04-27 19:06:40,375 
INFO 
Unstable speech result: 4

2024-04-27 19:06:40,837 
INFO 
Unstable speech result: 4

2024-04-27 19:06:42,358 
INFO 
Unstable speech result: 

2024-04-27 19:16:30,768 
INFO 
intro response: 

2024-04-27 19:17:47,707 
INFO 
intro response: yes.

2024-04-27 19:17:56,708 
INFO 
Unstable speech result: 4

2024-04-27 19:17:57,502 
INFO 
Unstable speech result: 

2024-04-27 19:18:22,119 
INFO 
Unstable speech result: 1

2024-04-27 19:18:23,306 
INFO 
Unstable speech result: 

