2024-04-27 17:34:11,543 
INFO 
intro response: yes.


2024-04-27 17:34:20,254 
INFO 
Unstable speech result: hi.

2024-04-27 17:34:20,309 
INFO 
Unstable speech result: five

2024-04-27 17:34:21,036 
INFO 
Unstable speech result: 

2024-04-27 17:34:37,403 
INFO 
Unstable speech result: for

2024-04-27 17:34:38,171 
INFO 
Unstable speech result: 

2024-04-27 17:43:02,319 
INFO 
intro response: yes.


2024-04-27 17:43:10,578 
INFO 
Unstable speech result: hi.

2024-04-27 17:43:11,745 
INFO 
Unstable speech result: 

2024-04-27 17:45:27,840 
INFO 
intro response: yes.


2024-04-27 17:45:36,162 
INFO 
Unstable speech result: bye.

2024-04-27 17:45:36,519 
INFO 
Unstable speech result: five

2024-04-27 17:45:36,923 
INFO 
Unstable speech result: five

2024-04-27 17:45:37,700 
INFO 
Unstable speech result: 

2024-04-27 17:45:54,057 
INFO 
Unstable speech result: seven

2024-04-27 17:45:54,397 
INFO 
Unstable speech result: seven

2024-04-27 17:45:55,625 
INFO 
Unstable speech result: 

2024-04-27 17:49:20,690 
INFO 
intro response: 


2024-04-27 17:54:01,871 
INFO 
intro response: yes.


2024-04-27 17:54:10,579 
INFO 
Unstable speech result: for

2024-04-27 17:54:11,325 
INFO 
Unstable speech result: for

2024-04-27 17:54:11,719 
INFO 
Unstable speech result: 

2024-04-27 17:54:28,421 
INFO 
Unstable speech result: hi.

2024-04-27 17:54:28,820 
INFO 
Unstable speech result: hi.

2024-04-27 17:54:29,597 
INFO 
Unstable speech result: 

2024-04-27 18:03:21,620 
INFO 
intro response: yes.  yes.


2024-04-27 18:03:32,697 
INFO 
Unstable speech result: china

2024-04-27 18:03:32,700 
INFO 
Unstable speech result: chinese

2024-04-27 18:03:32,733 
INFO 
Unstable speech result: trying to do.

2024-04-27 18:03:33,073 
INFO 
Unstable speech result: trying to double

2024-04-27 18:03:33,106 
INFO 
Unstable speech result: trying to double din.

2024-04-27 18:03:33,107 
INFO 
Unstable speech result: trying to double dinner.

2024-04-27 18:03:33,111 
INFO 
Unstable speech result: trying to double digit.

2024-04-27 18:03:33,113 
INFO 
Unstable speech result: trying to double d.

2024-04-27 18:03:33,468 
INFO 
Unstable speech result: trying to  double digit.

2024-04-27 18:03:33,870 
INFO 
Unstable speech result: 

2024-04-27 18:04:06,840 
INFO 
Unstable speech result: big

2024-04-27 18:04:06,870 
INFO 
Unstable speech result: fix

2024-04-27 18:04:07,671 
INFO 
Unstable speech result: 

